<?xml version="1.0" encoding="UTF-8"?>
<testng-results skipped="0" failed="0" total="1" passed="1">
  <reporter-output>
  </reporter-output>
  <suite name="Suite" duration-ms="3242" started-at="2016-01-15T16:43:22Z" finished-at="2016-01-15T16:43:25Z">
    <groups>
    </groups>
    <test name="Test" duration-ms="3242" started-at="2016-01-15T16:43:22Z" finished-at="2016-01-15T16:43:25Z">
      <class name="Testng2">
        <test-method status="PASS" signature="openBrowser(java.lang.String)[pri:0, instance:Testng2@29c114f2]" name="openBrowser" is-config="true" duration-ms="1772" started-at="2016-01-15T16:43:22Z" finished-at="2016-01-15T16:43:24Z">
          <params>
            <param index="0">
              <value>
                <![CDATA[chrome]]>
              </value>
            </param>
          </params>
          <reporter-output>
          </reporter-output>
        </test-method> <!-- openBrowser -->
        <test-method status="PASS" signature="title()[pri:0, instance:Testng2@29c114f2]" name="title" duration-ms="1463" started-at="2016-01-15T16:43:24Z" finished-at="2016-01-15T16:43:25Z">
          <reporter-output>
          </reporter-output>
        </test-method> <!-- title -->
      </class> <!-- Testng2 -->
    </test> <!-- Test -->
  </suite> <!-- Suite -->
</testng-results>
