<?xml version="1.0" encoding="UTF-8"?>
<!-- Generated by org.testng.reporters.JUnitXMLReporter -->
<testsuite hostname="victor-VirtualBox" tests="1" failures="1" timestamp="14 Jan 2016 22:30:55 GMT" time="9.067" errors="0">
  <testcase name="title" time="3.052" classname="Testng2">
    <failure type="java.lang.AssertionError" message="expected [Googles] but found [Google]">
      <![CDATA[java.lang.AssertionError: expected [Googles] but found [Google]
	at Testng2.title(Testng2.java:36)
	at java.util.concurrent.FutureTask.run(FutureTask.java:262)
	at java.util.concurrent.ThreadPoolExecutor.runWorker(ThreadPoolExecutor.java:1145)
	at java.util.concurrent.ThreadPoolExecutor$Worker.run(ThreadPoolExecutor.java:615)
	at java.lang.Thread.run(Thread.java:745)
... Removed 21 stack frames]]>
    </failure>
  </testcase> <!-- title -->
</testsuite>
