<?xml version="1.0" encoding="UTF-8"?>
<!-- Generated by org.testng.reporters.JUnitXMLReporter -->
<testsuite hostname="4ac782fe8f4b" tests="1" failures="1" timestamp="14 Jan 2016 19:22:42 GMT" time="7.422" errors="0">
  <testcase name="title" time="1.66" classname="Testng2">
    <failure type="java.lang.AssertionError" message="expected [Googles] but found [Google]">
      <![CDATA[java.lang.AssertionError: expected [Googles] but found [Google]
	at Testng2.title(Testng2.java:36)
... Removed 33 stack frames]]>
    </failure>
  </testcase> <!-- title -->
</testsuite>
